[debug] [2021-03-29T13:20:41.513Z] ----------------------------------------------------------------------
[debug] [2021-03-29T13:20:41.515Z] Command:       /Users/alex/.nvm/versions/node/v12.18.4/bin/node /Users/alex/.nvm/versions/node/v12.18.4/bin/firebase deploy
[debug] [2021-03-29T13:20:41.515Z] CLI Version:   9.6.1
[debug] [2021-03-29T13:20:41.515Z] Platform:      darwin
[debug] [2021-03-29T13:20:41.516Z] Node Version:  v12.18.4
[debug] [2021-03-29T13:20:41.517Z] Time:          Mon Mar 29 2021 15:20:41 GMT+0200 (Central European Summer Time)
[debug] [2021-03-29T13:20:41.517Z] ----------------------------------------------------------------------
[debug] [2021-03-29T13:20:41.517Z] 
[debug] [2021-03-29T13:20:41.524Z] > command requires scopes: ["email","openid","https://www.googleapis.com/auth/cloudplatformprojects.readonly","https://www.googleapis.com/auth/firebase","https://www.googleapis.com/auth/cloud-platform"]
[debug] [2021-03-29T13:20:41.524Z] > authorizing via signed-in user
[debug] [2021-03-29T13:20:41.524Z] [iam] checking project instagram-panorama for permissions ["firebase.projects.get","firebasehosting.sites.update"]
[debug] [2021-03-29T13:20:41.526Z] >>> HTTP REQUEST POST https://cloudresourcemanager.googleapis.com/v1/projects/instagram-panorama:testIamPermissions  
 {"permissions":["firebase.projects.get","firebasehosting.sites.update"]}
[debug] [2021-03-29T13:20:41.711Z] <<< HTTP RESPONSE 200 {"content-type":"application/json; charset=UTF-8","vary":"X-Origin, Referer, Origin,Accept-Encoding","date":"Mon, 29 Mar 2021 13:20:42 GMT","server":"ESF","cache-control":"private","x-xss-protection":"0","x-frame-options":"SAMEORIGIN","x-content-type-options":"nosniff","server-timing":"gfet4t7; dur=127","alt-svc":"h3-29=\":443\"; ma=2592000,h3-T051=\":443\"; ma=2592000,h3-Q050=\":443\"; ma=2592000,h3-Q046=\":443\"; ma=2592000,h3-Q043=\":443\"; ma=2592000,quic=\":443\"; ma=2592000; v=\"46,43\"","accept-ranges":"none","transfer-encoding":"chunked"}
[debug] [2021-03-29T13:20:41.713Z] > refreshing access token with scopes: []
[debug] [2021-03-29T13:20:41.713Z] >>> HTTP REQUEST POST https://www.googleapis.com/oauth2/v3/token  
 <request body omitted>
[debug] [2021-03-29T13:20:41.777Z] <<< HTTP RESPONSE 200 {"cache-control":"no-cache, no-store, max-age=0, must-revalidate","expires":"Mon, 01 Jan 1990 00:00:00 GMT","date":"Mon, 29 Mar 2021 13:20:42 GMT","pragma":"no-cache","content-type":"application/json; charset=utf-8","vary":"X-Origin, Referer, Origin,Accept-Encoding","server":"scaffolding on HTTPServer2","x-xss-protection":"0","x-frame-options":"SAMEORIGIN","x-content-type-options":"nosniff","alt-svc":"h3-29=\":443\"; ma=2592000,h3-T051=\":443\"; ma=2592000,h3-Q050=\":443\"; ma=2592000,h3-Q046=\":443\"; ma=2592000,h3-Q043=\":443\"; ma=2592000,quic=\":443\"; ma=2592000; v=\"46,43\"","accept-ranges":"none","transfer-encoding":"chunked"}
[debug] [2021-03-29T13:20:41.800Z] >>> [apiv2][query] GET https://firebase.googleapis.com/v1beta1/projects/instagram-panorama [none]
[debug] [2021-03-29T13:20:41.956Z] <<< [apiv2][status] GET https://firebase.googleapis.com/v1beta1/projects/instagram-panorama 200
[debug] [2021-03-29T13:20:41.956Z] <<< [apiv2][body] GET https://firebase.googleapis.com/v1beta1/projects/instagram-panorama {"projectId":"instagram-panorama","projectNumber":"999177618301","displayName":"instagram-panorama","name":"projects/instagram-panorama","resources":{"hostingSite":"instagram-panorama","realtimeDatabaseInstance":"instagram-panorama"},"state":"ACTIVE"}
[info] 
[info] === Deploying to 'instagram-panorama'...
[info] 
[info] i  deploying hosting 
[debug] [2021-03-29T13:20:41.959Z] > refreshing access token with scopes: ["email","https://www.googleapis.com/auth/cloud-platform","https://www.googleapis.com/auth/cloudplatformprojects.readonly","https://www.googleapis.com/auth/firebase","openid"]
[debug] [2021-03-29T13:20:41.959Z] >>> HTTP REQUEST POST https://www.googleapis.com/oauth2/v3/token  
 <request body omitted>
[debug] [2021-03-29T13:20:42.044Z] <<< HTTP RESPONSE 200 {"cache-control":"no-cache, no-store, max-age=0, must-revalidate","date":"Mon, 29 Mar 2021 13:20:43 GMT","expires":"Mon, 01 Jan 1990 00:00:00 GMT","pragma":"no-cache","content-type":"application/json; charset=utf-8","vary":"X-Origin, Referer, Origin,Accept-Encoding","server":"scaffolding on HTTPServer2","x-xss-protection":"0","x-frame-options":"SAMEORIGIN","x-content-type-options":"nosniff","alt-svc":"h3-29=\":443\"; ma=2592000,h3-T051=\":443\"; ma=2592000,h3-Q050=\":443\"; ma=2592000,h3-Q046=\":443\"; ma=2592000,h3-Q043=\":443\"; ma=2592000,quic=\":443\"; ma=2592000; v=\"46,43\"","accept-ranges":"none","transfer-encoding":"chunked"}
[debug] [2021-03-29T13:20:42.059Z] >>> HTTP REQUEST POST https://firebasehosting.googleapis.com/v1beta1/sites/instagram-panorama/versions  
 {"config":{"rewrites":[{"glob":"**","path":"/index.html"}]},"labels":{"deployment-tool":"cli-firebase"}}
